Arguments: 
  /Users/kristopherskelton/.nvm/versions/node/v16.4.0/bin/node /usr/local/Cellar/yarn/1.22.17_2/libexec/bin/yarn.js add @fortawesome/fontawesome-svg-core

PATH: 
  /Library/Frameworks/Python.framework/Versions/3.8/bin:/Library/Frameworks/Python.framework/Versions/3.8/bin:/Users/kristopherskelton/.nvm/versions/node/v16.4.0/bin:/Library/Frameworks/Python.framework/Versions/3.6/bin:/usr/local/bin:/usr/bin:/bin:/usr/sbin:/sbin:/opt/X11/bin

Yarn version: 
  1.22.17

Node version: 
  16.4.0

Platform: 
  darwin x64

Trace: 
  Error: https://npm.fontawesome.com/@fortawesome%2ffontawesome-svg-core: authentication required
      at Request.params.callback [as _callback] (/usr/local/Cellar/yarn/1.22.17_2/libexec/lib/cli.js:67029:18)
      at Request.self.callback (/usr/local/Cellar/yarn/1.22.17_2/libexec/lib/cli.js:140883:22)
      at Request.emit (node:events:394:28)
      at Request.<anonymous> (/usr/local/Cellar/yarn/1.22.17_2/libexec/lib/cli.js:141855:10)
      at Request.emit (node:events:394:28)
      at IncomingMessage.<anonymous> (/usr/local/Cellar/yarn/1.22.17_2/libexec/lib/cli.js:141777:12)
      at Object.onceWrapper (node:events:513:28)
      at IncomingMessage.emit (node:events:406:35)
      at endReadableNT (node:internal/streams/readable:1329:12)
      at processTicksAndRejections (node:internal/process/task_queues:83:21)

npm manifest: 
  {
    "name": "kmskelton",
    "version": "0.0.0",
    "scripts": {
      "dev": "vite",
      "build": "vite build",
      "preview": "vite preview --port 5050"
    },
    "dependencies": {
      "vue": "^3.2.31",
      "vue-router": "^4.0.12"
    },
    "devDependencies": {
      "@vitejs/plugin-vue": "^2.2.2",
      "vite": "^2.8.4"
    }
  }

yarn manifest: 
  No manifest

Lockfile: 
  No lockfile
